  
  "C:\Program Files (x86)\Windows Kits\10\bin\10.0.22621.0\x64\fxc.exe" "BC7Encode.hlsl" /nologo /WX /Ges /Zi /Zpc /Qstrip_reflect /Qstrip_debug /Tcs_5_0 /ETryMode456CS "/FhC:\Users\58472\Downloads\DirectXTex-main\DirectXTex-main\DirectXTex\Shaders/Compiled\BC7Encode_TryMode456CS.inc" "/FdC:\Users\58472\Downloads\DirectXTex-main\DirectXTex-main\DirectXTex\Shaders/Compiled\BC7Encode_TryMode456CS.pdb" /VnBC7Encode_TryMode456CS
  compilation PDB save succeeded; see C:\Users\58472\Downloads\DirectXTex-main\DirectXTex-main\DirectXTex\Shaders\Compiled\BC7Encode_TryMode456CS.pdb
  compilation header save succeeded; see C:\Users\58472\Downloads\DirectXTex-main\DirectXTex-main\DirectXTex\Shaders\Compiled\BC7Encode_TryMode456CS.inc
  "C:\Program Files (x86)\Windows Kits\10\bin\10.0.22621.0\x64\fxc.exe" "BC7Encode.hlsl" /nologo /WX /Ges /Zi /Zpc /Qstrip_reflect /Qstrip_debug /Tcs_4_0 /DEMULATE_F16C /ETryMode456CS "/FhC:\Users\58472\Downloads\DirectXTex-main\DirectXTex-main\DirectXTex\Shaders/Compiled\BC7Encode_TryMode456CS_cs40.inc" "/FdC:\Users\58472\Downloads\DirectXTex-main\DirectXTex-main\DirectXTex\Shaders/Compiled\BC7Encode_TryMode456CS_cs40.pdb" /VnBC7Encode_TryMode456CS
  compilation PDB save succeeded; see C:\Users\58472\Downloads\DirectXTex-main\DirectXTex-main\DirectXTex\Shaders\Compiled\BC7Encode_TryMode456CS_cs40.pdb
  compilation header save succeeded; see C:\Users\58472\Downloads\DirectXTex-main\DirectXTex-main\DirectXTex\Shaders\Compiled\BC7Encode_TryMode456CS_cs40.inc
  
  "C:\Program Files (x86)\Windows Kits\10\bin\10.0.22621.0\x64\fxc.exe" "BC7Encode.hlsl" /nologo /WX /Ges /Zi /Zpc /Qstrip_reflect /Qstrip_debug /Tcs_5_0 /ETryMode137CS "/FhC:\Users\58472\Downloads\DirectXTex-main\DirectXTex-main\DirectXTex\Shaders/Compiled\BC7Encode_TryMode137CS.inc" "/FdC:\Users\58472\Downloads\DirectXTex-main\DirectXTex-main\DirectXTex\Shaders/Compiled\BC7Encode_TryMode137CS.pdb" /VnBC7Encode_TryMode137CS
  compilation PDB save succeeded; see C:\Users\58472\Downloads\DirectXTex-main\DirectXTex-main\DirectXTex\Shaders\Compiled\BC7Encode_TryMode137CS.pdb
  compilation header save succeeded; see C:\Users\58472\Downloads\DirectXTex-main\DirectXTex-main\DirectXTex\Shaders\Compiled\BC7Encode_TryMode137CS.inc
  "C:\Program Files (x86)\Windows Kits\10\bin\10.0.22621.0\x64\fxc.exe" "BC7Encode.hlsl" /nologo /WX /Ges /Zi /Zpc /Qstrip_reflect /Qstrip_debug /Tcs_4_0 /DEMULATE_F16C /ETryMode137CS "/FhC:\Users\58472\Downloads\DirectXTex-main\DirectXTex-main\DirectXTex\Shaders/Compiled\BC7Encode_TryMode137CS_cs40.inc" "/FdC:\Users\58472\Downloads\DirectXTex-main\DirectXTex-main\DirectXTex\Shaders/Compiled\BC7Encode_TryMode137CS_cs40.pdb" /VnBC7Encode_TryMode137CS
  compilation PDB save succeeded; see C:\Users\58472\Downloads\DirectXTex-main\DirectXTex-main\DirectXTex\Shaders\Compiled\BC7Encode_TryMode137CS_cs40.pdb
  compilation header save succeeded; see C:\Users\58472\Downloads\DirectXTex-main\DirectXTex-main\DirectXTex\Shaders\Compiled\BC7Encode_TryMode137CS_cs40.inc
  
  "C:\Program Files (x86)\Windows Kits\10\bin\10.0.22621.0\x64\fxc.exe" "BC7Encode.hlsl" /nologo /WX /Ges /Zi /Zpc /Qstrip_reflect /Qstrip_debug /Tcs_5_0 /ETryMode02CS "/FhC:\Users\58472\Downloads\DirectXTex-main\DirectXTex-main\DirectXTex\Shaders/Compiled\BC7Encode_TryMode02CS.inc" "/FdC:\Users\58472\Downloads\DirectXTex-main\DirectXTex-main\DirectXTex\Shaders/Compiled\BC7Encode_TryMode02CS.pdb" /VnBC7Encode_TryMode02CS
  compilation PDB save succeeded; see C:\Users\58472\Downloads\DirectXTex-main\DirectXTex-main\DirectXTex\Shaders\Compiled\BC7Encode_TryMode02CS.pdb
  compilation header save succeeded; see C:\Users\58472\Downloads\DirectXTex-main\DirectXTex-main\DirectXTex\Shaders\Compiled\BC7Encode_TryMode02CS.inc
  "C:\Program Files (x86)\Windows Kits\10\bin\10.0.22621.0\x64\fxc.exe" "BC7Encode.hlsl" /nologo /WX /Ges /Zi /Zpc /Qstrip_reflect /Qstrip_debug /Tcs_4_0 /DEMULATE_F16C /ETryMode02CS "/FhC:\Users\58472\Downloads\DirectXTex-main\DirectXTex-main\DirectXTex\Shaders/Compiled\BC7Encode_TryMode02CS_cs40.inc" "/FdC:\Users\58472\Downloads\DirectXTex-main\DirectXTex-main\DirectXTex\Shaders/Compiled\BC7Encode_TryMode02CS_cs40.pdb" /VnBC7Encode_TryMode02CS
  compilation PDB save succeeded; see C:\Users\58472\Downloads\DirectXTex-main\DirectXTex-main\DirectXTex\Shaders\Compiled\BC7Encode_TryMode02CS_cs40.pdb
  compilation header save succeeded; see C:\Users\58472\Downloads\DirectXTex-main\DirectXTex-main\DirectXTex\Shaders\Compiled\BC7Encode_TryMode02CS_cs40.inc
  
  "C:\Program Files (x86)\Windows Kits\10\bin\10.0.22621.0\x64\fxc.exe" "BC7Encode.hlsl" /nologo /WX /Ges /Zi /Zpc /Qstrip_reflect /Qstrip_debug /Tcs_5_0 /EEncodeBlockCS "/FhC:\Users\58472\Downloads\DirectXTex-main\DirectXTex-main\DirectXTex\Shaders/Compiled\BC7Encode_EncodeBlockCS.inc" "/FdC:\Users\58472\Downloads\DirectXTex-main\DirectXTex-main\DirectXTex\Shaders/Compiled\BC7Encode_EncodeBlockCS.pdb" /VnBC7Encode_EncodeBlockCS
  compilation PDB save succeeded; see C:\Users\58472\Downloads\DirectXTex-main\DirectXTex-main\DirectXTex\Shaders\Compiled\BC7Encode_EncodeBlockCS.pdb
  compilation header save succeeded; see C:\Users\58472\Downloads\DirectXTex-main\DirectXTex-main\DirectXTex\Shaders\Compiled\BC7Encode_EncodeBlockCS.inc
  "C:\Program Files (x86)\Windows Kits\10\bin\10.0.22621.0\x64\fxc.exe" "BC7Encode.hlsl" /nologo /WX /Ges /Zi /Zpc /Qstrip_reflect /Qstrip_debug /Tcs_4_0 /DEMULATE_F16C /EEncodeBlockCS "/FhC:\Users\58472\Downloads\DirectXTex-main\DirectXTex-main\DirectXTex\Shaders/Compiled\BC7Encode_EncodeBlockCS_cs40.inc" "/FdC:\Users\58472\Downloads\DirectXTex-main\DirectXTex-main\DirectXTex\Shaders/Compiled\BC7Encode_EncodeBlockCS_cs40.pdb" /VnBC7Encode_EncodeBlockCS
  compilation PDB save succeeded; see C:\Users\58472\Downloads\DirectXTex-main\DirectXTex-main\DirectXTex\Shaders\Compiled\BC7Encode_EncodeBlockCS_cs40.pdb
  compilation header save succeeded; see C:\Users\58472\Downloads\DirectXTex-main\DirectXTex-main\DirectXTex\Shaders\Compiled\BC7Encode_EncodeBlockCS_cs40.inc
  
  "C:\Program Files (x86)\Windows Kits\10\bin\10.0.22621.0\x64\fxc.exe" "BC6HEncode.hlsl" /nologo /WX /Ges /Zi /Zpc /Qstrip_reflect /Qstrip_debug /Tcs_5_0 /ETryModeG10CS "/FhC:\Users\58472\Downloads\DirectXTex-main\DirectXTex-main\DirectXTex\Shaders/Compiled\BC6HEncode_TryModeG10CS.inc" "/FdC:\Users\58472\Downloads\DirectXTex-main\DirectXTex-main\DirectXTex\Shaders/Compiled\BC6HEncode_TryModeG10CS.pdb" /VnBC6HEncode_TryModeG10CS
  compilation PDB save succeeded; see C:\Users\58472\Downloads\DirectXTex-main\DirectXTex-main\DirectXTex\Shaders\Compiled\BC6HEncode_TryModeG10CS.pdb
  compilation header save succeeded; see C:\Users\58472\Downloads\DirectXTex-main\DirectXTex-main\DirectXTex\Shaders\Compiled\BC6HEncode_TryModeG10CS.inc
  "C:\Program Files (x86)\Windows Kits\10\bin\10.0.22621.0\x64\fxc.exe" "BC6HEncode.hlsl" /nologo /WX /Ges /Zi /Zpc /Qstrip_reflect /Qstrip_debug /Tcs_4_0 /DEMULATE_F16C /ETryModeG10CS "/FhC:\Users\58472\Downloads\DirectXTex-main\DirectXTex-main\DirectXTex\Shaders/Compiled\BC6HEncode_TryModeG10CS_cs40.inc" "/FdC:\Users\58472\Downloads\DirectXTex-main\DirectXTex-main\DirectXTex\Shaders/Compiled\BC6HEncode_TryModeG10CS_cs40.pdb" /VnBC6HEncode_TryModeG10CS
  compilation PDB save succeeded; see C:\Users\58472\Downloads\DirectXTex-main\DirectXTex-main\DirectXTex\Shaders\Compiled\BC6HEncode_TryModeG10CS_cs40.pdb
  compilation header save succeeded; see C:\Users\58472\Downloads\DirectXTex-main\DirectXTex-main\DirectXTex\Shaders\Compiled\BC6HEncode_TryModeG10CS_cs40.inc
  
  "C:\Program Files (x86)\Windows Kits\10\bin\10.0.22621.0\x64\fxc.exe" "BC6HEncode.hlsl" /nologo /WX /Ges /Zi /Zpc /Qstrip_reflect /Qstrip_debug /Tcs_5_0 /ETryModeLE10CS "/FhC:\Users\58472\Downloads\DirectXTex-main\DirectXTex-main\DirectXTex\Shaders/Compiled\BC6HEncode_TryModeLE10CS.inc" "/FdC:\Users\58472\Downloads\DirectXTex-main\DirectXTex-main\DirectXTex\Shaders/Compiled\BC6HEncode_TryModeLE10CS.pdb" /VnBC6HEncode_TryModeLE10CS
  compilation PDB save succeeded; see C:\Users\58472\Downloads\DirectXTex-main\DirectXTex-main\DirectXTex\Shaders\Compiled\BC6HEncode_TryModeLE10CS.pdb
  compilation header save succeeded; see C:\Users\58472\Downloads\DirectXTex-main\DirectXTex-main\DirectXTex\Shaders\Compiled\BC6HEncode_TryModeLE10CS.inc
  "C:\Program Files (x86)\Windows Kits\10\bin\10.0.22621.0\x64\fxc.exe" "BC6HEncode.hlsl" /nologo /WX /Ges /Zi /Zpc /Qstrip_reflect /Qstrip_debug /Tcs_4_0 /DEMULATE_F16C /ETryModeLE10CS "/FhC:\Users\58472\Downloads\DirectXTex-main\DirectXTex-main\DirectXTex\Shaders/Compiled\BC6HEncode_TryModeLE10CS_cs40.inc" "/FdC:\Users\58472\Downloads\DirectXTex-main\DirectXTex-main\DirectXTex\Shaders/Compiled\BC6HEncode_TryModeLE10CS_cs40.pdb" /VnBC6HEncode_TryModeLE10CS
  compilation PDB save succeeded; see C:\Users\58472\Downloads\DirectXTex-main\DirectXTex-main\DirectXTex\Shaders\Compiled\BC6HEncode_TryModeLE10CS_cs40.pdb
  compilation header save succeeded; see C:\Users\58472\Downloads\DirectXTex-main\DirectXTex-main\DirectXTex\Shaders\Compiled\BC6HEncode_TryModeLE10CS_cs40.inc
  
  "C:\Program Files (x86)\Windows Kits\10\bin\10.0.22621.0\x64\fxc.exe" "BC6HEncode.hlsl" /nologo /WX /Ges /Zi /Zpc /Qstrip_reflect /Qstrip_debug /Tcs_5_0 /EEncodeBlockCS "/FhC:\Users\58472\Downloads\DirectXTex-main\DirectXTex-main\DirectXTex\Shaders/Compiled\BC6HEncode_EncodeBlockCS.inc" "/FdC:\Users\58472\Downloads\DirectXTex-main\DirectXTex-main\DirectXTex\Shaders/Compiled\BC6HEncode_EncodeBlockCS.pdb" /VnBC6HEncode_EncodeBlockCS
  compilation PDB save succeeded; see C:\Users\58472\Downloads\DirectXTex-main\DirectXTex-main\DirectXTex\Shaders\Compiled\BC6HEncode_EncodeBlockCS.pdb
  compilation header save succeeded; see C:\Users\58472\Downloads\DirectXTex-main\DirectXTex-main\DirectXTex\Shaders\Compiled\BC6HEncode_EncodeBlockCS.inc
  "C:\Program Files (x86)\Windows Kits\10\bin\10.0.22621.0\x64\fxc.exe" "BC6HEncode.hlsl" /nologo /WX /Ges /Zi /Zpc /Qstrip_reflect /Qstrip_debug /Tcs_4_0 /DEMULATE_F16C /EEncodeBlockCS "/FhC:\Users\58472\Downloads\DirectXTex-main\DirectXTex-main\DirectXTex\Shaders/Compiled\BC6HEncode_EncodeBlockCS_cs40.inc" "/FdC:\Users\58472\Downloads\DirectXTex-main\DirectXTex-main\DirectXTex\Shaders/Compiled\BC6HEncode_EncodeBlockCS_cs40.pdb" /VnBC6HEncode_EncodeBlockCS
  compilation PDB save succeeded; see C:\Users\58472\Downloads\DirectXTex-main\DirectXTex-main\DirectXTex\Shaders\Compiled\BC6HEncode_EncodeBlockCS_cs40.pdb
  compilation header save succeeded; see C:\Users\58472\Downloads\DirectXTex-main\DirectXTex-main\DirectXTex\Shaders\Compiled\BC6HEncode_EncodeBlockCS_cs40.inc
  
  Shaders compiled ok
  DirectXTexUtil.cpp
  BC.cpp
  BC4BC5.cpp
  BC6HBC7.cpp
  BCDirectCompute.cpp
  DirectXTexCompress.cpp
  DirectXTexCompressGPU.cpp
  DirectXTexConvert.cpp
  DirectXTexD3D11.cpp
  DirectXTexD3D12.cpp
  DirectXTexDDS.cpp
  DirectXTexFlipRotate.cpp
  DirectXTexHDR.cpp
  DirectXTexImage.cpp
  DirectXTexMipMaps.cpp
  DirectXTexMisc.cpp
  DirectXTexNormalMaps.cpp
  DirectXTexPMAlpha.cpp
  DirectXTexResize.cpp
  DirectXTexTGA.cpp
  DirectXTexWIC.cpp
  コードを生成中...
  DirectXTex_Desktop_2022_Win10.vcxproj -> C:\Users\58472\Downloads\DirectXTex-main\DirectXTex-main\DirectXTex\Bin\Desktop_2022_Win10\x64\Debug\DirectXTex.lib
